生成启动时间为 2024/3/28 10:48:55。
     1>项目“C:\Users\81228\Documents\Visual Studio 2015\Projects\Simplest FFmpeg Sync Player\Simplest FFmpeg Sync Player\Simplest FFmpeg Sync Player.vcxproj”在节点 2 上(Build 个目标)。
     1>ClCompile:
         C:\Program Files (x86)\Microsoft Visual Studio 14.0\VC\bin\CL.exe /c /Iinclude /ZI /nologo /W3 /WX- /sdl /Od /Oy- /D WIN32 /D _DEBUG /D _CONSOLE /D _UNICODE /D UNICODE /Gm /EHsc /RTC1 /MDd /GS /fp:precise /Zc:wchar_t /Zc:forScope /Zc:inline /Yc"stdafx.h" /Fp"Debug\Simplest FFmpeg Sync Player.pch" /Fo"Debug\\" /Fd"Debug\vc140.pdb" /Gd /TP /analyze- /errorReport:prompt stdafx.cpp
         stdafx.cpp
         C:\Program Files (x86)\Microsoft Visual Studio 14.0\VC\bin\CL.exe /c /Iinclude /ZI /nologo /W3 /WX- /sdl /Od /Oy- /D WIN32 /D _DEBUG /D _CONSOLE /D _UNICODE /D UNICODE /Gm /EHsc /RTC1 /MDd /GS /fp:precise /Zc:wchar_t /Zc:forScope /Zc:inline /Yu"stdafx.h" /Fp"Debug\Simplest FFmpeg Sync Player.pch" /Fo"Debug\\" /Fd"Debug\vc140.pdb" /Gd /TP /analyze- /errorReport:prompt "Simplest FFmpeg Sync Player.cpp"
         Simplest FFmpeg Sync Player.cpp
     1>c:\users\81228\documents\visual studio 2015\projects\simplest ffmpeg sync player\simplest ffmpeg sync player\include\libavutil\rational.h : warning C4819: 该文件包含不能在当前代码页(936)中表示的字符。请将该文件保存为 Unicode 格式以防止数据丢失
     1>c:\users\81228\documents\visual studio 2015\projects\simplest ffmpeg sync player\simplest ffmpeg sync player\simplest ffmpeg sync player.cpp(34): warning C4005: “av_err2str”: 宏重定义
         c:\users\81228\documents\visual studio 2015\projects\simplest ffmpeg sync player\simplest ffmpeg sync player\include\libavutil\error.h(120): note: 参见“av_err2str”的前一个定义
     1>c:\users\81228\documents\visual studio 2015\projects\simplest ffmpeg sync player\simplest ffmpeg sync player\simplest ffmpeg sync player.cpp(258): warning C4244: “参数”: 从“double”转换到“Uint32”，可能丢失数据
     1>c:\users\81228\documents\visual studio 2015\projects\simplest ffmpeg sync player\simplest ffmpeg sync player\simplest ffmpeg sync player.cpp(205): warning C4474: fprintf: 格式字符串中传递的参数太多
         c:\users\81228\documents\visual studio 2015\projects\simplest ffmpeg sync player\simplest ffmpeg sync player\simplest ffmpeg sync player.cpp(205): note: placeholders and their parameters expect 0 variadic arguments, but 1 were provided
     1>c:\users\81228\documents\visual studio 2015\projects\simplest ffmpeg sync player\simplest ffmpeg sync player\simplest ffmpeg sync player.cpp(277): warning C4474: fprintf: 格式字符串中传递的参数太多
         c:\users\81228\documents\visual studio 2015\projects\simplest ffmpeg sync player\simplest ffmpeg sync player\simplest ffmpeg sync player.cpp(277): note: placeholders and their parameters expect 0 variadic arguments, but 1 were provided
     1>c:\users\81228\documents\visual studio 2015\projects\simplest ffmpeg sync player\simplest ffmpeg sync player\simplest ffmpeg sync player.cpp(379): warning C4018: “<”: 有符号/无符号不匹配
       Link:
         C:\Program Files (x86)\Microsoft Visual Studio 14.0\VC\bin\link.exe /ERRORREPORT:PROMPT /OUT:"C:\Users\81228\Documents\Visual Studio 2015\Projects\Simplest FFmpeg Sync Player\Debug\Simplest FFmpeg Sync Player.exe" /INCREMENTAL /NOLOGO /LIBPATH:lib avcodec.lib avformat.lib avutil.lib avdevice.lib avfilter.lib postproc.lib swresample.lib swscale.lib SDL2.lib SDL2main.lib kernel32.lib user32.lib gdi32.lib winspool.lib comdlg32.lib advapi32.lib shell32.lib ole32.lib oleaut32.lib uuid.lib odbc32.lib odbccp32.lib /MANIFEST /MANIFESTUAC:"level='asInvoker' uiAccess='false'" /manifest:embed /Debug /PDB:"C:\Users\81228\Documents\Visual Studio 2015\Projects\Simplest FFmpeg Sync Player\Debug\Simplest FFmpeg Sync Player.pdb" /SUBSYSTEM:CONSOLE /TLBID:1 /DYNAMICBASE /NXCOMPAT /IMPLIB:"C:\Users\81228\Documents\Visual Studio 2015\Projects\Simplest FFmpeg Sync Player\Debug\Simplest FFmpeg Sync Player.lib" /MACHINE:X86 "Debug\Simplest FFmpeg Sync Player.obj"
         Debug\stdafx.obj
     1>MSVCRTD.lib(initializers.obj) : warning LNK4098: 默认库“msvcrt.lib”与其他库的使用冲突；请使用 /NODEFAULTLIB:library
     1>SDL2main.lib(SDL_windows_main.obj) : warning LNK4217: 本地定义的符号 ___iob_func 在函数 _ShowError 中导入
         Simplest FFmpeg Sync Player.vcxproj -> C:\Users\81228\Documents\Visual Studio 2015\Projects\Simplest FFmpeg Sync Player\Debug\Simplest FFmpeg Sync Player.exe
     1>已完成生成项目“C:\Users\81228\Documents\Visual Studio 2015\Projects\Simplest FFmpeg Sync Player\Simplest FFmpeg Sync Player\Simplest FFmpeg Sync Player.vcxproj”(Build 个目标)的操作。

已成功生成。

已用时间 00:00:01.50
